<?xml version="1.0" encoding="UTF-8"?>
<!-- Generated by org.testng.reporters.JUnitReportReporter -->
<testsuite hostname="QT-INHD-LT0345" failures="0" tests="1" name="demo.SeleniumBasics" time="15.417" errors="0" timestamp="2024-06-28T08:33:44 IST" skipped="0">
  <testcase classname="demo.SeleniumBasics" name="testBrowser" time="15.417"/>
</testsuite> <!-- demo.SeleniumBasics -->
