<?xml version="1.0" encoding="UTF-8"?>
<!-- Generated by org.testng.reporters.JUnitReportReporter -->
<testsuite hostname="QT-INHD-LT0345" failures="0" tests="6" name="demo.Login" time="0.011" errors="0" timestamp="2024-06-26T13:45:00 IST" skipped="0">
  <testcase classname="demo.Login" name="sendEmail" time="0.006"/>
  <testcase classname="demo.Login" name="loginTest" time="0.001"/>
  <testcase classname="demo.Login" name="meetUp" time="0.001"/>
  <testcase classname="demo.Login" name="registerTest" time="0.001"/>
  <testcase classname="demo.Login" name="checkCalendar" time="0.001"/>
  <testcase classname="demo.Login" name="logoutTest" time="0.001"/>
</testsuite> <!-- demo.Login -->
